{
  "stats": {
    "suites": 1,
    "tests": 1,
    "passes": 1,
    "pending": 0,
    "failures": 0,
    "start": "2024-07-23T19:57:47.318Z",
    "end": "2024-07-23T19:57:53.215Z",
    "duration": 5897,
    "testsRegistered": 1,
    "passPercent": 100,
    "pendingPercent": 0,
    "other": 0,
    "hasOther": false,
    "skipped": 0,
    "hasSkipped": false
  },
  "results": [
    {
      "uuid": "0bb07d2f-1779-4656-9de1-6bb08d85261d",
      "title": "",
      "fullFile": "cypress\\e2e\\cadastro-correto.spec.cy.js",
      "file": "cypress\\e2e\\cadastro-correto.spec.cy.js",
      "beforeHooks": [],
      "afterHooks": [],
      "tests": [],
      "suites": [
        {
          "uuid": "b7181b16-4597-41a1-9f1f-fc4b78604190",
          "title": "Pagina de cadastro",
          "fullFile": "",
          "file": "",
          "beforeHooks": [],
          "afterHooks": [],
          "tests": [
            {
              "title": "Deve preencher os campos de formulario corretamente para cadastar um novo usuário",
              "fullTitle": "Pagina de cadastro Deve preencher os campos de formulario corretamente para cadastar um novo usuário",
              "timedOut": null,
              "duration": 3157,
              "state": "passed",
              "speed": "fast",
              "pass": true,
              "fail": false,
              "pending": false,
              "context": null,
              "code": "cy.cadastrar('Eduardo da Silva', 'du@email.com', 'Senha123');",
              "err": {},
              "uuid": "25db3511-4489-4731-832c-eba48d2f1c33",
              "parentUUID": "b7181b16-4597-41a1-9f1f-fc4b78604190",
              "isHook": false,
              "skipped": false
            }
          ],
          "suites": [],
          "passes": [
            "25db3511-4489-4731-832c-eba48d2f1c33"
          ],
          "failures": [],
          "pending": [],
          "skipped": [],
          "duration": 3157,
          "root": false,
          "rootEmpty": false,
          "_timeout": 2000
        }
      ],
      "passes": [],
      "failures": [],
      "pending": [],
      "skipped": [],
      "duration": 0,
      "root": true,
      "rootEmpty": true,
      "_timeout": 2000
    }
  ],
  "meta": {
    "mocha": {
      "version": "7.0.1"
    },
    "mochawesome": {
      "options": {
        "quiet": false,
        "reportFilename": "mochawesome",
        "saveHtml": true,
        "saveJson": true,
        "consoleReporter": "spec",
        "useInlineDiffs": false,
        "code": true
      },
      "version": "7.1.3"
    },
    "marge": {
      "options": {
        "reportDir": "cypress/results",
        "overwrite": false,
        "html": true,
        "json": true,
        "timestamp": "mmddyyyy_HHMMss"
      },
      "version": "6.2.0"
    }
  }
}