{
  "stats": {
    "suites": 1,
    "tests": 1,
    "passes": 1,
    "pending": 0,
    "failures": 0,
    "start": "2024-07-23T20:18:17.202Z",
    "end": "2024-07-23T20:18:22.491Z",
    "duration": 5289,
    "testsRegistered": 1,
    "passPercent": 100,
    "pendingPercent": 0,
    "other": 0,
    "hasOther": false,
    "skipped": 0,
    "hasSkipped": false
  },
  "results": [
    {
      "uuid": "1e5774a1-1e8c-4155-8ef0-bb09633460ca",
      "title": "",
      "fullFile": "cypress\\e2e\\login-incorreto.spec.cy.js",
      "file": "cypress\\e2e\\login-incorreto.spec.cy.js",
      "beforeHooks": [],
      "afterHooks": [],
      "tests": [],
      "suites": [
        {
          "uuid": "6201dea0-c494-4d73-b05c-a7c744ae16b8",
          "title": "Pagina de cadastro",
          "fullFile": "",
          "file": "",
          "beforeHooks": [],
          "afterHooks": [],
          "tests": [
            {
              "title": "Deve preencher os campos de formulario incorretamente e exibir mensagens ao usuário",
              "fullTitle": "Pagina de cadastro Deve preencher os campos de formulario incorretamente e exibir mensagens ao usuário",
              "timedOut": null,
              "duration": 2498,
              "state": "passed",
              "speed": "fast",
              "pass": true,
              "fail": false,
              "pending": false,
              "context": null,
              "code": "cy.login('ana.email.com', 'senha123');\ncy.contains('Por favor, verifique o email digitado').should('be.visible');\ncy.contains('A senha deve conter pelo menos uma letra maiúscula, um número e ter entre 6 e 15 caracteres').should('be.visible');",
              "err": {},
              "uuid": "75062e46-250c-46b1-aa13-19ee901e61f8",
              "parentUUID": "6201dea0-c494-4d73-b05c-a7c744ae16b8",
              "isHook": false,
              "skipped": false
            }
          ],
          "suites": [],
          "passes": [
            "75062e46-250c-46b1-aa13-19ee901e61f8"
          ],
          "failures": [],
          "pending": [],
          "skipped": [],
          "duration": 2498,
          "root": false,
          "rootEmpty": false,
          "_timeout": 2000
        }
      ],
      "passes": [],
      "failures": [],
      "pending": [],
      "skipped": [],
      "duration": 0,
      "root": true,
      "rootEmpty": true,
      "_timeout": 2000
    }
  ],
  "meta": {
    "mocha": {
      "version": "7.0.1"
    },
    "mochawesome": {
      "options": {
        "quiet": false,
        "reportFilename": "mochawesome",
        "saveHtml": true,
        "saveJson": true,
        "consoleReporter": "spec",
        "useInlineDiffs": false,
        "code": true
      },
      "version": "7.1.3"
    },
    "marge": {
      "options": {
        "reportDir": "cypress/results",
        "overwrite": false,
        "html": true,
        "json": true,
        "timestamp": "mmddyyyy_HHMMss"
      },
      "version": "6.2.0"
    }
  }
}