{
  "stats": {
    "suites": 1,
    "tests": 2,
    "passes": 2,
    "pending": 0,
    "failures": 0,
    "start": "2024-07-24T22:07:56.158Z",
    "end": "2024-07-24T22:07:57.878Z",
    "duration": 1720,
    "testsRegistered": 2,
    "passPercent": 100,
    "pendingPercent": 0,
    "other": 0,
    "hasOther": false,
    "skipped": 0,
    "hasSkipped": false
  },
  "results": [
    {
      "uuid": "aff8aa86-cbf5-40fa-83b7-c3e5a0401840",
      "title": "",
      "fullFile": "cypress\\e2e\\api-mensagens.cy.js",
      "file": "cypress\\e2e\\api-mensagens.cy.js",
      "beforeHooks": [],
      "afterHooks": [],
      "tests": [],
      "suites": [
        {
          "uuid": "b435dc73-80a8-45a2-921a-b5cec3dff511",
          "title": "Api Adopet",
          "fullFile": "",
          "file": "",
          "beforeHooks": [],
          "afterHooks": [],
          "tests": [
            {
              "title": "Mensagens da API",
              "fullTitle": "Api Adopet Mensagens da API",
              "timedOut": null,
              "duration": 844,
              "state": "passed",
              "speed": "fast",
              "pass": true,
              "fail": false,
              "pending": false,
              "context": null,
              "code": "cy.request({\n  method: \"GET\",\n  url: \"https://adopet-api-i8qu.onrender.com/mensagem/11643cd6-7112-415b-95d2-07904b0d1a1c\",\n  headers: Cypress.env()\n}).then(res => {\n  expect(res.status).to.be.equal(200);\n  expect(res.body).is.not.empty;\n  expect(res.body).to.have.property(\"msg\");\n});",
              "err": {},
              "uuid": "753a673c-5187-4c03-aab9-ed1d0371d2a1",
              "parentUUID": "b435dc73-80a8-45a2-921a-b5cec3dff511",
              "isHook": false,
              "skipped": false
            },
            {
              "title": "Nome de Perfil",
              "fullTitle": "Api Adopet Nome de Perfil",
              "timedOut": null,
              "duration": 756,
              "state": "passed",
              "speed": "fast",
              "pass": true,
              "fail": false,
              "pending": false,
              "context": null,
              "code": "cy.request({\n  method: \"GET\",\n  url: \"https://adopet-api-i8qu.onrender.com/adotante/perfil/9b152096-1123-45c5-a19e-aab28e18f920\",\n  headers: {\n    authorization2\n  }\n}).then(res => {\n  expect(res.status).to.be.equal(200);\n  expect(res.body).is.not.empty;\n  expect(res.body).to.have.property(\"perfil\");\n  expect(res.body.perfil.nome).to.be.equal(\"eduardo da silva\");\n});",
              "err": {},
              "uuid": "664ddc08-a510-4574-8294-afaf19b13f35",
              "parentUUID": "b435dc73-80a8-45a2-921a-b5cec3dff511",
              "isHook": false,
              "skipped": false
            }
          ],
          "suites": [],
          "passes": [
            "753a673c-5187-4c03-aab9-ed1d0371d2a1",
            "664ddc08-a510-4574-8294-afaf19b13f35"
          ],
          "failures": [],
          "pending": [],
          "skipped": [],
          "duration": 1600,
          "root": false,
          "rootEmpty": false,
          "_timeout": 2000
        }
      ],
      "passes": [],
      "failures": [],
      "pending": [],
      "skipped": [],
      "duration": 0,
      "root": true,
      "rootEmpty": true,
      "_timeout": 2000
    }
  ],
  "meta": {
    "mocha": {
      "version": "7.0.1"
    },
    "mochawesome": {
      "options": {
        "quiet": false,
        "reportFilename": "mochawesome",
        "saveHtml": true,
        "saveJson": true,
        "consoleReporter": "spec",
        "useInlineDiffs": false,
        "code": true
      },
      "version": "7.1.3"
    },
    "marge": {
      "options": {
        "reportDir": "cypress/results",
        "overwrite": false,
        "html": true,
        "json": true,
        "timestamp": "mmddyyyy_HHMMss"
      },
      "version": "6.2.0"
    }
  }
}