{
  "stats": {
    "suites": 1,
    "tests": 1,
    "passes": 1,
    "pending": 0,
    "failures": 0,
    "start": "2024-07-23T20:04:04.610Z",
    "end": "2024-07-23T20:04:09.845Z",
    "duration": 5235,
    "testsRegistered": 1,
    "passPercent": 100,
    "pendingPercent": 0,
    "other": 0,
    "hasOther": false,
    "skipped": 0,
    "hasSkipped": false
  },
  "results": [
    {
      "uuid": "355004cd-e493-492a-8b58-093e9b4276cf",
      "title": "",
      "fullFile": "cypress\\e2e\\cadastro-correto.spec.cy.js",
      "file": "cypress\\e2e\\cadastro-correto.spec.cy.js",
      "beforeHooks": [],
      "afterHooks": [],
      "tests": [],
      "suites": [
        {
          "uuid": "2531a1fb-a0ca-4890-a120-5de519261a2a",
          "title": "Pagina de cadastro",
          "fullFile": "",
          "file": "",
          "beforeHooks": [],
          "afterHooks": [],
          "tests": [
            {
              "title": "Deve preencher os campos de formulario corretamente para cadastar um novo usuário",
              "fullTitle": "Pagina de cadastro Deve preencher os campos de formulario corretamente para cadastar um novo usuário",
              "timedOut": null,
              "duration": 3037,
              "state": "passed",
              "speed": "fast",
              "pass": true,
              "fail": false,
              "pending": false,
              "context": null,
              "code": "cy.cadastrar('Eduardo da Silva', 'du@email.com', 'Senha123');",
              "err": {},
              "uuid": "d8f1b2f8-6768-4511-b39d-705904cb67e0",
              "parentUUID": "2531a1fb-a0ca-4890-a120-5de519261a2a",
              "isHook": false,
              "skipped": false
            }
          ],
          "suites": [],
          "passes": [
            "d8f1b2f8-6768-4511-b39d-705904cb67e0"
          ],
          "failures": [],
          "pending": [],
          "skipped": [],
          "duration": 3037,
          "root": false,
          "rootEmpty": false,
          "_timeout": 2000
        }
      ],
      "passes": [],
      "failures": [],
      "pending": [],
      "skipped": [],
      "duration": 0,
      "root": true,
      "rootEmpty": true,
      "_timeout": 2000
    }
  ],
  "meta": {
    "mocha": {
      "version": "7.0.1"
    },
    "mochawesome": {
      "options": {
        "quiet": false,
        "reportFilename": "mochawesome",
        "saveHtml": true,
        "saveJson": true,
        "consoleReporter": "spec",
        "useInlineDiffs": false,
        "code": true
      },
      "version": "7.1.3"
    },
    "marge": {
      "options": {
        "reportDir": "cypress/results",
        "overwrite": false,
        "html": true,
        "json": true,
        "timestamp": "mmddyyyy_HHMMss"
      },
      "version": "6.2.0"
    }
  }
}