{
  "stats": {
    "suites": 1,
    "tests": 4,
    "passes": 4,
    "pending": 0,
    "failures": 0,
    "start": "2024-07-23T20:18:26.691Z",
    "end": "2024-07-23T20:18:31.844Z",
    "duration": 5153,
    "testsRegistered": 4,
    "passPercent": 100,
    "pendingPercent": 0,
    "other": 0,
    "hasOther": false,
    "skipped": 0,
    "hasSkipped": false
  },
  "results": [
    {
      "uuid": "be38c038-06c7-48de-87fd-259417c69825",
      "title": "",
      "fullFile": "cypress\\e2e\\pagina-principal.spec.cy.js",
      "file": "cypress\\e2e\\pagina-principal.spec.cy.js",
      "beforeHooks": [],
      "afterHooks": [],
      "tests": [],
      "suites": [
        {
          "uuid": "5b5c0af8-6026-4fc9-875e-5b705535b2e5",
          "title": "Página Principal",
          "fullFile": "",
          "file": "",
          "beforeHooks": [],
          "afterHooks": [],
          "tests": [
            {
              "title": "Visite a página principal do AdoPet e verifique se o title com o texto “AdoPet” está presente no html.",
              "fullTitle": "Página Principal Visite a página principal do AdoPet e verifique se o title com o texto “AdoPet” está presente no html.",
              "timedOut": null,
              "duration": 662,
              "state": "passed",
              "speed": "fast",
              "pass": true,
              "fail": false,
              "pending": false,
              "context": null,
              "code": "cy.title().should('eq', 'AdoPet');",
              "err": {},
              "uuid": "0b2a8fbc-2dc0-4540-9517-d94e4d6ea1da",
              "parentUUID": "5b5c0af8-6026-4fc9-875e-5b705535b2e5",
              "isHook": false,
              "skipped": false
            },
            {
              "title": "Visite a página principal do AdoPet e verifique se o texto “Quem ama adota!” está presente no html",
              "fullTitle": "Página Principal Visite a página principal do AdoPet e verifique se o texto “Quem ama adota!” está presente no html",
              "timedOut": null,
              "duration": 258,
              "state": "passed",
              "speed": "fast",
              "pass": true,
              "fail": false,
              "pending": false,
              "context": null,
              "code": "cy.contains('Quem ama adota!').should('be.visible');",
              "err": {},
              "uuid": "1705455b-8ca2-4790-8a21-ef9f0cb1dd4c",
              "parentUUID": "5b5c0af8-6026-4fc9-875e-5b705535b2e5",
              "isHook": false,
              "skipped": false
            },
            {
              "title": "Visite a página principal do AdoPet e verifique se o texto “Adotar pode mudar uma vida. Que tal buscar seu novo melhor amigo hoje? Vem com a gente!” está presente no html.",
              "fullTitle": "Página Principal Visite a página principal do AdoPet e verifique se o texto “Adotar pode mudar uma vida. Que tal buscar seu novo melhor amigo hoje? Vem com a gente!” está presente no html.",
              "timedOut": null,
              "duration": 300,
              "state": "passed",
              "speed": "fast",
              "pass": true,
              "fail": false,
              "pending": false,
              "context": null,
              "code": "cy.contains('Adotar pode mudar uma vida. Que tal buscar seu novo melhor amigo hoje? Vem com a gente!').should('be.visible');",
              "err": {},
              "uuid": "6876f6ed-df5e-4e6c-876e-3bc42aa98b5c",
              "parentUUID": "5b5c0af8-6026-4fc9-875e-5b705535b2e5",
              "isHook": false,
              "skipped": false
            },
            {
              "title": "Verifica imagens dos animais",
              "fullTitle": "Página Principal Verifica imagens dos animais",
              "timedOut": null,
              "duration": 621,
              "state": "passed",
              "speed": "fast",
              "pass": true,
              "fail": false,
              "pending": false,
              "context": null,
              "code": "cy.visit('https://adopet-frontend-cypress.vercel.app/home');\ncy.get('.cards').should('be.visible');",
              "err": {},
              "uuid": "466c1b25-ba03-4750-9327-b3b0ad3e648a",
              "parentUUID": "5b5c0af8-6026-4fc9-875e-5b705535b2e5",
              "isHook": false,
              "skipped": false
            }
          ],
          "suites": [],
          "passes": [
            "0b2a8fbc-2dc0-4540-9517-d94e4d6ea1da",
            "1705455b-8ca2-4790-8a21-ef9f0cb1dd4c",
            "6876f6ed-df5e-4e6c-876e-3bc42aa98b5c",
            "466c1b25-ba03-4750-9327-b3b0ad3e648a"
          ],
          "failures": [],
          "pending": [],
          "skipped": [],
          "duration": 1841,
          "root": false,
          "rootEmpty": false,
          "_timeout": 2000
        }
      ],
      "passes": [],
      "failures": [],
      "pending": [],
      "skipped": [],
      "duration": 0,
      "root": true,
      "rootEmpty": true,
      "_timeout": 2000
    }
  ],
  "meta": {
    "mocha": {
      "version": "7.0.1"
    },
    "mochawesome": {
      "options": {
        "quiet": false,
        "reportFilename": "mochawesome",
        "saveHtml": true,
        "saveJson": true,
        "consoleReporter": "spec",
        "useInlineDiffs": false,
        "code": true
      },
      "version": "7.1.3"
    },
    "marge": {
      "options": {
        "reportDir": "cypress/results",
        "overwrite": false,
        "html": true,
        "json": true,
        "timestamp": "mmddyyyy_HHMMss"
      },
      "version": "6.2.0"
    }
  }
}