{
  "stats": {
    "suites": 1,
    "tests": 1,
    "passes": 1,
    "pending": 0,
    "failures": 0,
    "start": "2024-07-23T20:04:30.004Z",
    "end": "2024-07-23T20:04:34.291Z",
    "duration": 4287,
    "testsRegistered": 1,
    "passPercent": 100,
    "pendingPercent": 0,
    "other": 0,
    "hasOther": false,
    "skipped": 0,
    "hasSkipped": false
  },
  "results": [
    {
      "uuid": "53993d0c-3d82-430a-acce-24e49a6dc5bd",
      "title": "",
      "fullFile": "cypress\\e2e\\login-correto-home.spec.cy.js",
      "file": "cypress\\e2e\\login-correto-home.spec.cy.js",
      "beforeHooks": [],
      "afterHooks": [],
      "tests": [],
      "suites": [
        {
          "uuid": "63e44b6d-3418-4e4c-add7-85154c945086",
          "title": "Visite a página principal do Adopet",
          "fullFile": "",
          "file": "",
          "beforeHooks": [],
          "afterHooks": [],
          "tests": [
            {
              "title": "Clique no botão de ícone de mensagem no header e escreva nome e senha válidos na página de login.",
              "fullTitle": "Visite a página principal do Adopet Clique no botão de ícone de mensagem no header e escreva nome e senha válidos na página de login.",
              "timedOut": null,
              "duration": 1708,
              "state": "passed",
              "speed": "fast",
              "pass": true,
              "fail": false,
              "pending": false,
              "context": null,
              "code": "cy.login('ana@email.com', 'Senha123');",
              "err": {},
              "uuid": "8f54c135-1a0e-410d-81de-6d45ef68446f",
              "parentUUID": "63e44b6d-3418-4e4c-add7-85154c945086",
              "isHook": false,
              "skipped": false
            }
          ],
          "suites": [],
          "passes": [
            "8f54c135-1a0e-410d-81de-6d45ef68446f"
          ],
          "failures": [],
          "pending": [],
          "skipped": [],
          "duration": 1708,
          "root": false,
          "rootEmpty": false,
          "_timeout": 2000
        }
      ],
      "passes": [],
      "failures": [],
      "pending": [],
      "skipped": [],
      "duration": 0,
      "root": true,
      "rootEmpty": true,
      "_timeout": 2000
    }
  ],
  "meta": {
    "mocha": {
      "version": "7.0.1"
    },
    "mochawesome": {
      "options": {
        "quiet": false,
        "reportFilename": "mochawesome",
        "saveHtml": true,
        "saveJson": true,
        "consoleReporter": "spec",
        "useInlineDiffs": false,
        "code": true
      },
      "version": "7.1.3"
    },
    "marge": {
      "options": {
        "reportDir": "cypress/results",
        "overwrite": false,
        "html": true,
        "json": true,
        "timestamp": "mmddyyyy_HHMMss"
      },
      "version": "6.2.0"
    }
  }
}