{
  "stats": {
    "suites": 1,
    "tests": 5,
    "passes": 5,
    "pending": 0,
    "failures": 0,
    "start": "2024-07-23T20:17:23.694Z",
    "end": "2024-07-23T20:17:31.727Z",
    "duration": 8033,
    "testsRegistered": 5,
    "passPercent": 100,
    "pendingPercent": 0,
    "other": 0,
    "hasOther": false,
    "skipped": 0,
    "hasSkipped": false
  },
  "results": [
    {
      "uuid": "f1d02b28-7234-4fb3-bc5d-9c6a3ba3d752",
      "title": "",
      "fullFile": "cypress\\e2e\\atividade.spec.cy.js",
      "file": "cypress\\e2e\\atividade.spec.cy.js",
      "beforeHooks": [],
      "afterHooks": [],
      "tests": [],
      "suites": [
        {
          "uuid": "b9c116d3-d760-4d4f-8860-ce069b36ef0d",
          "title": "Teste da atividade",
          "fullFile": "",
          "file": "",
          "beforeHooks": [],
          "afterHooks": [],
          "tests": [
            {
              "title": "Visitar a tela principal e clicar no botão: \"Ver pets disponiveis para adoção\"",
              "fullTitle": "Teste da atividade Visitar a tela principal e clicar no botão: \"Ver pets disponiveis para adoção\"",
              "timedOut": null,
              "duration": 1443,
              "state": "passed",
              "speed": "fast",
              "pass": true,
              "fail": false,
              "pending": false,
              "context": null,
              "code": "cy.visit('https://adopet-frontend-cypress.vercel.app/');\ncy.contains('a', 'Ver pets disponíveis para adoção').click();",
              "err": {},
              "uuid": "f51019cc-a04d-4343-860e-7c8b8f53bdbc",
              "parentUUID": "b9c116d3-d760-4d4f-8860-ce069b36ef0d",
              "isHook": false,
              "skipped": false
            },
            {
              "title": "Visitar a tela principal e clicar no botão: \"navegar pelo header\"",
              "fullTitle": "Teste da atividade Visitar a tela principal e clicar no botão: \"navegar pelo header\"",
              "timedOut": null,
              "duration": 602,
              "state": "passed",
              "speed": "fast",
              "pass": true,
              "fail": false,
              "pending": false,
              "context": null,
              "code": "cy.visit('https://adopet-frontend-cypress.vercel.app/');\ncy.get('.header__home').click();",
              "err": {},
              "uuid": "54c2508a-ac94-457d-bc7f-67a6ea5bee0c",
              "parentUUID": "b9c116d3-d760-4d4f-8860-ce069b36ef0d",
              "isHook": false,
              "skipped": false
            },
            {
              "title": "Visitar a tela de login",
              "fullTitle": "Teste da atividade Visitar a tela de login",
              "timedOut": null,
              "duration": 971,
              "state": "passed",
              "speed": "fast",
              "pass": true,
              "fail": false,
              "pending": false,
              "context": null,
              "code": "cy.visit('https://adopet-frontend-cypress.vercel.app/');\ncy.contains('a', 'Fazer login').click();",
              "err": {},
              "uuid": "5a06bde7-5670-4471-a816-92ffbcb8aa39",
              "parentUUID": "b9c116d3-d760-4d4f-8860-ce069b36ef0d",
              "isHook": false,
              "skipped": false
            },
            {
              "title": "voltar a home pelo icone do header",
              "fullTitle": "Teste da atividade voltar a home pelo icone do header",
              "timedOut": null,
              "duration": 379,
              "state": "passed",
              "speed": "fast",
              "pass": true,
              "fail": false,
              "pending": false,
              "context": null,
              "code": "cy.visit('https://adopet-frontend-cypress.vercel.app/');\ncy.get('.header__home').click();",
              "err": {},
              "uuid": "bed8e6d2-169c-4647-89cd-2b2f930a5921",
              "parentUUID": "b9c116d3-d760-4d4f-8860-ce069b36ef0d",
              "isHook": false,
              "skipped": false
            },
            {
              "title": "Visite a home e clique no botao: \"Falar com o responsável\"",
              "fullTitle": "Teste da atividade Visite a home e clique no botao: \"Falar com o responsável\"",
              "timedOut": null,
              "duration": 459,
              "state": "passed",
              "speed": "fast",
              "pass": true,
              "fail": false,
              "pending": false,
              "context": null,
              "code": "cy.visit('https://adopet-frontend-cypress.vercel.app/home');\ncy.get('.header__message').click();",
              "err": {},
              "uuid": "ef9e7264-7639-4958-87eb-6e0b1129e037",
              "parentUUID": "b9c116d3-d760-4d4f-8860-ce069b36ef0d",
              "isHook": false,
              "skipped": false
            }
          ],
          "suites": [],
          "passes": [
            "f51019cc-a04d-4343-860e-7c8b8f53bdbc",
            "54c2508a-ac94-457d-bc7f-67a6ea5bee0c",
            "5a06bde7-5670-4471-a816-92ffbcb8aa39",
            "bed8e6d2-169c-4647-89cd-2b2f930a5921",
            "ef9e7264-7639-4958-87eb-6e0b1129e037"
          ],
          "failures": [],
          "pending": [],
          "skipped": [],
          "duration": 3854,
          "root": false,
          "rootEmpty": false,
          "_timeout": 2000
        }
      ],
      "passes": [],
      "failures": [],
      "pending": [],
      "skipped": [],
      "duration": 0,
      "root": true,
      "rootEmpty": true,
      "_timeout": 2000
    }
  ],
  "meta": {
    "mocha": {
      "version": "7.0.1"
    },
    "mochawesome": {
      "options": {
        "quiet": false,
        "reportFilename": "mochawesome",
        "saveHtml": true,
        "saveJson": true,
        "consoleReporter": "spec",
        "useInlineDiffs": false,
        "code": true
      },
      "version": "7.1.3"
    },
    "marge": {
      "options": {
        "reportDir": "cypress/results",
        "overwrite": false,
        "html": true,
        "json": true,
        "timestamp": "mmddyyyy_HHMMss"
      },
      "version": "6.2.0"
    }
  }
}