{
  "stats": {
    "suites": 1,
    "tests": 5,
    "passes": 5,
    "pending": 0,
    "failures": 0,
    "start": "2024-07-23T20:03:48.007Z",
    "end": "2024-07-23T20:03:55.284Z",
    "duration": 7277,
    "testsRegistered": 5,
    "passPercent": 100,
    "pendingPercent": 0,
    "other": 0,
    "hasOther": false,
    "skipped": 0,
    "hasSkipped": false
  },
  "results": [
    {
      "uuid": "94b3475c-08c8-4587-a32e-ce62a5e52b7d",
      "title": "",
      "fullFile": "cypress\\e2e\\atividade.spec.cy.js",
      "file": "cypress\\e2e\\atividade.spec.cy.js",
      "beforeHooks": [],
      "afterHooks": [],
      "tests": [],
      "suites": [
        {
          "uuid": "9d8b0fa1-3c1c-40bc-916a-11615dce75aa",
          "title": "Teste da atividade",
          "fullFile": "",
          "file": "",
          "beforeHooks": [],
          "afterHooks": [],
          "tests": [
            {
              "title": "Visitar a tela principal e clicar no botão: \"Ver pets disponiveis para adoção\"",
              "fullTitle": "Teste da atividade Visitar a tela principal e clicar no botão: \"Ver pets disponiveis para adoção\"",
              "timedOut": null,
              "duration": 1338,
              "state": "passed",
              "speed": "fast",
              "pass": true,
              "fail": false,
              "pending": false,
              "context": null,
              "code": "cy.visit('https://adopet-frontend-cypress.vercel.app/');\ncy.contains('a', 'Ver pets disponíveis para adoção').click();",
              "err": {},
              "uuid": "ab6e0e7f-48be-481e-b9c2-48e62941deb7",
              "parentUUID": "9d8b0fa1-3c1c-40bc-916a-11615dce75aa",
              "isHook": false,
              "skipped": false
            },
            {
              "title": "Visitar a tela principal e clicar no botão: \"navegar pelo header\"",
              "fullTitle": "Teste da atividade Visitar a tela principal e clicar no botão: \"navegar pelo header\"",
              "timedOut": null,
              "duration": 534,
              "state": "passed",
              "speed": "fast",
              "pass": true,
              "fail": false,
              "pending": false,
              "context": null,
              "code": "cy.visit('https://adopet-frontend-cypress.vercel.app/');\ncy.get('.header__home').click();",
              "err": {},
              "uuid": "0d011e66-d847-440b-84d7-13d15eda7c47",
              "parentUUID": "9d8b0fa1-3c1c-40bc-916a-11615dce75aa",
              "isHook": false,
              "skipped": false
            },
            {
              "title": "Visitar a tela de login",
              "fullTitle": "Teste da atividade Visitar a tela de login",
              "timedOut": null,
              "duration": 979,
              "state": "passed",
              "speed": "fast",
              "pass": true,
              "fail": false,
              "pending": false,
              "context": null,
              "code": "cy.visit('https://adopet-frontend-cypress.vercel.app/');\ncy.contains('a', 'Fazer login').click();",
              "err": {},
              "uuid": "1667f68a-37e7-4815-8c49-12056bda6a7b",
              "parentUUID": "9d8b0fa1-3c1c-40bc-916a-11615dce75aa",
              "isHook": false,
              "skipped": false
            },
            {
              "title": "voltar a home pelo icone do header",
              "fullTitle": "Teste da atividade voltar a home pelo icone do header",
              "timedOut": null,
              "duration": 512,
              "state": "passed",
              "speed": "fast",
              "pass": true,
              "fail": false,
              "pending": false,
              "context": null,
              "code": "cy.visit('https://adopet-frontend-cypress.vercel.app/');\ncy.get('.header__home').click();",
              "err": {},
              "uuid": "ff0a1bdc-86c3-422e-a495-7415b9c7db3d",
              "parentUUID": "9d8b0fa1-3c1c-40bc-916a-11615dce75aa",
              "isHook": false,
              "skipped": false
            },
            {
              "title": "Visite a home e clique no botao: \"Falar com o responsável\"",
              "fullTitle": "Teste da atividade Visite a home e clique no botao: \"Falar com o responsável\"",
              "timedOut": null,
              "duration": 415,
              "state": "passed",
              "speed": "fast",
              "pass": true,
              "fail": false,
              "pending": false,
              "context": null,
              "code": "cy.visit('https://adopet-frontend-cypress.vercel.app/home');\ncy.get('.header__message').click();",
              "err": {},
              "uuid": "613c98d8-5792-4266-9987-d7511dcecca8",
              "parentUUID": "9d8b0fa1-3c1c-40bc-916a-11615dce75aa",
              "isHook": false,
              "skipped": false
            }
          ],
          "suites": [],
          "passes": [
            "ab6e0e7f-48be-481e-b9c2-48e62941deb7",
            "0d011e66-d847-440b-84d7-13d15eda7c47",
            "1667f68a-37e7-4815-8c49-12056bda6a7b",
            "ff0a1bdc-86c3-422e-a495-7415b9c7db3d",
            "613c98d8-5792-4266-9987-d7511dcecca8"
          ],
          "failures": [],
          "pending": [],
          "skipped": [],
          "duration": 3778,
          "root": false,
          "rootEmpty": false,
          "_timeout": 2000
        }
      ],
      "passes": [],
      "failures": [],
      "pending": [],
      "skipped": [],
      "duration": 0,
      "root": true,
      "rootEmpty": true,
      "_timeout": 2000
    }
  ],
  "meta": {
    "mocha": {
      "version": "7.0.1"
    },
    "mochawesome": {
      "options": {
        "quiet": false,
        "reportFilename": "mochawesome",
        "saveHtml": true,
        "saveJson": true,
        "consoleReporter": "spec",
        "useInlineDiffs": false,
        "code": true
      },
      "version": "7.1.3"
    },
    "marge": {
      "options": {
        "reportDir": "cypress/results",
        "overwrite": false,
        "html": true,
        "json": true,
        "timestamp": "mmddyyyy_HHMMss"
      },
      "version": "6.2.0"
    }
  }
}