{
  "stats": {
    "suites": 1,
    "tests": 2,
    "passes": 2,
    "pending": 0,
    "failures": 0,
    "start": "2024-07-24T22:11:18.713Z",
    "end": "2024-07-24T22:11:20.078Z",
    "duration": 1365,
    "testsRegistered": 2,
    "passPercent": 100,
    "pendingPercent": 0,
    "other": 0,
    "hasOther": false,
    "skipped": 0,
    "hasSkipped": false
  },
  "results": [
    {
      "uuid": "6cb1a0d1-894a-4db0-a14a-49af2218a96c",
      "title": "",
      "fullFile": "cypress\\e2e\\api-mensagens.cy.js",
      "file": "cypress\\e2e\\api-mensagens.cy.js",
      "beforeHooks": [],
      "afterHooks": [],
      "tests": [],
      "suites": [
        {
          "uuid": "f6ae572f-c2d1-4d03-8e31-ecfb8a66bf9b",
          "title": "Api Adopet",
          "fullFile": "",
          "file": "",
          "beforeHooks": [],
          "afterHooks": [],
          "tests": [
            {
              "title": "Mensagens da API",
              "fullTitle": "Api Adopet Mensagens da API",
              "timedOut": null,
              "duration": 840,
              "state": "passed",
              "speed": "fast",
              "pass": true,
              "fail": false,
              "pending": false,
              "context": null,
              "code": "cy.request({\n  method: \"GET\",\n  url: \"https://adopet-api-i8qu.onrender.com/mensagem/11643cd6-7112-415b-95d2-07904b0d1a1c\",\n  headers: Cypress.env()\n}).then(res => {\n  expect(res.status).to.be.equal(200);\n  expect(res.body).is.not.empty;\n  expect(res.body).to.have.property(\"msg\");\n});",
              "err": {},
              "uuid": "b26a4faf-2e18-48e6-b980-ae8c3e46c616",
              "parentUUID": "f6ae572f-c2d1-4d03-8e31-ecfb8a66bf9b",
              "isHook": false,
              "skipped": false
            },
            {
              "title": "Nome de Perfil",
              "fullTitle": "Api Adopet Nome de Perfil",
              "timedOut": null,
              "duration": 434,
              "state": "passed",
              "speed": "fast",
              "pass": true,
              "fail": false,
              "pending": false,
              "context": null,
              "code": "cy.request({\n  method: \"GET\",\n  url: \"https://adopet-api-i8qu.onrender.com/adotante/perfil/9b152096-1123-45c5-a19e-aab28e18f920\",\n  headers: Cypress.env()\n}).then(res => {\n  expect(res.status).to.be.equal(200);\n  expect(res.body).is.not.empty;\n  expect(res.body).to.have.property(\"perfil\");\n  expect(res.body.perfil.nome).to.be.equal(\"eduardo da silva\");\n});",
              "err": {},
              "uuid": "1927b1f5-9e13-432c-b617-7cf0c7eb631f",
              "parentUUID": "f6ae572f-c2d1-4d03-8e31-ecfb8a66bf9b",
              "isHook": false,
              "skipped": false
            }
          ],
          "suites": [],
          "passes": [
            "b26a4faf-2e18-48e6-b980-ae8c3e46c616",
            "1927b1f5-9e13-432c-b617-7cf0c7eb631f"
          ],
          "failures": [],
          "pending": [],
          "skipped": [],
          "duration": 1274,
          "root": false,
          "rootEmpty": false,
          "_timeout": 2000
        }
      ],
      "passes": [],
      "failures": [],
      "pending": [],
      "skipped": [],
      "duration": 0,
      "root": true,
      "rootEmpty": true,
      "_timeout": 2000
    }
  ],
  "meta": {
    "mocha": {
      "version": "7.0.1"
    },
    "mochawesome": {
      "options": {
        "quiet": false,
        "reportFilename": "mochawesome",
        "saveHtml": true,
        "saveJson": true,
        "consoleReporter": "spec",
        "useInlineDiffs": false,
        "code": true
      },
      "version": "7.1.3"
    },
    "marge": {
      "options": {
        "reportDir": "cypress/results",
        "overwrite": false,
        "html": true,
        "json": true,
        "timestamp": "mmddyyyy_HHMMss"
      },
      "version": "6.2.0"
    }
  }
}