{
  "stats": {
    "suites": 1,
    "tests": 5,
    "passes": 5,
    "pending": 0,
    "failures": 0,
    "start": "2024-07-23T19:57:35.141Z",
    "end": "2024-07-23T19:57:42.372Z",
    "duration": 7231,
    "testsRegistered": 5,
    "passPercent": 100,
    "pendingPercent": 0,
    "other": 0,
    "hasOther": false,
    "skipped": 0,
    "hasSkipped": false
  },
  "results": [
    {
      "uuid": "49c5f8e9-7502-4473-89d4-f8f96262e0de",
      "title": "",
      "fullFile": "cypress\\e2e\\atividade.spec.cy.js",
      "file": "cypress\\e2e\\atividade.spec.cy.js",
      "beforeHooks": [],
      "afterHooks": [],
      "tests": [],
      "suites": [
        {
          "uuid": "bf3c5fd1-a18c-45eb-9312-554e24de60c7",
          "title": "Teste da atividade",
          "fullFile": "",
          "file": "",
          "beforeHooks": [],
          "afterHooks": [],
          "tests": [
            {
              "title": "Visitar a tela principal e clicar no botão: \"Ver pets disponiveis para adoção\"",
              "fullTitle": "Teste da atividade Visitar a tela principal e clicar no botão: \"Ver pets disponiveis para adoção\"",
              "timedOut": null,
              "duration": 1260,
              "state": "passed",
              "speed": "fast",
              "pass": true,
              "fail": false,
              "pending": false,
              "context": null,
              "code": "cy.visit('https://adopet-frontend-cypress.vercel.app/');\ncy.contains('a', 'Ver pets disponíveis para adoção').click();",
              "err": {},
              "uuid": "861ea0ee-d17e-4e77-94c8-5f5659fe1111",
              "parentUUID": "bf3c5fd1-a18c-45eb-9312-554e24de60c7",
              "isHook": false,
              "skipped": false
            },
            {
              "title": "Visitar a tela principal e clicar no botão: \"navegar pelo header\"",
              "fullTitle": "Teste da atividade Visitar a tela principal e clicar no botão: \"navegar pelo header\"",
              "timedOut": null,
              "duration": 574,
              "state": "passed",
              "speed": "fast",
              "pass": true,
              "fail": false,
              "pending": false,
              "context": null,
              "code": "cy.visit('https://adopet-frontend-cypress.vercel.app/');\ncy.get('.header__home').click();",
              "err": {},
              "uuid": "f2cb5b23-c97b-49ed-a591-ca2b9bf4f34f",
              "parentUUID": "bf3c5fd1-a18c-45eb-9312-554e24de60c7",
              "isHook": false,
              "skipped": false
            },
            {
              "title": "Visitar a tela de login",
              "fullTitle": "Teste da atividade Visitar a tela de login",
              "timedOut": null,
              "duration": 991,
              "state": "passed",
              "speed": "fast",
              "pass": true,
              "fail": false,
              "pending": false,
              "context": null,
              "code": "cy.visit('https://adopet-frontend-cypress.vercel.app/');\ncy.contains('a', 'Fazer login').click();",
              "err": {},
              "uuid": "4157242c-aa3b-40fa-b08a-4615ce0179d7",
              "parentUUID": "bf3c5fd1-a18c-45eb-9312-554e24de60c7",
              "isHook": false,
              "skipped": false
            },
            {
              "title": "voltar a home pelo icone do header",
              "fullTitle": "Teste da atividade voltar a home pelo icone do header",
              "timedOut": null,
              "duration": 526,
              "state": "passed",
              "speed": "fast",
              "pass": true,
              "fail": false,
              "pending": false,
              "context": null,
              "code": "cy.visit('https://adopet-frontend-cypress.vercel.app/');\ncy.get('.header__home').click();",
              "err": {},
              "uuid": "c7639b99-2965-4d6e-a9f5-1b05050adc90",
              "parentUUID": "bf3c5fd1-a18c-45eb-9312-554e24de60c7",
              "isHook": false,
              "skipped": false
            },
            {
              "title": "Visite a home e clique no botao: \"Falar com o responsável\"",
              "fullTitle": "Teste da atividade Visite a home e clique no botao: \"Falar com o responsável\"",
              "timedOut": null,
              "duration": 358,
              "state": "passed",
              "speed": "fast",
              "pass": true,
              "fail": false,
              "pending": false,
              "context": null,
              "code": "cy.visit('https://adopet-frontend-cypress.vercel.app/home');\ncy.get('.header__message').click();",
              "err": {},
              "uuid": "ac2308f2-8ead-475c-919d-48245da643a3",
              "parentUUID": "bf3c5fd1-a18c-45eb-9312-554e24de60c7",
              "isHook": false,
              "skipped": false
            }
          ],
          "suites": [],
          "passes": [
            "861ea0ee-d17e-4e77-94c8-5f5659fe1111",
            "f2cb5b23-c97b-49ed-a591-ca2b9bf4f34f",
            "4157242c-aa3b-40fa-b08a-4615ce0179d7",
            "c7639b99-2965-4d6e-a9f5-1b05050adc90",
            "ac2308f2-8ead-475c-919d-48245da643a3"
          ],
          "failures": [],
          "pending": [],
          "skipped": [],
          "duration": 3709,
          "root": false,
          "rootEmpty": false,
          "_timeout": 2000
        }
      ],
      "passes": [],
      "failures": [],
      "pending": [],
      "skipped": [],
      "duration": 0,
      "root": true,
      "rootEmpty": true,
      "_timeout": 2000
    }
  ],
  "meta": {
    "mocha": {
      "version": "7.0.1"
    },
    "mochawesome": {
      "options": {
        "quiet": false,
        "reportFilename": "mochawesome",
        "saveHtml": true,
        "saveJson": true,
        "consoleReporter": "spec",
        "useInlineDiffs": false,
        "code": true
      },
      "version": "7.1.3"
    },
    "marge": {
      "options": {
        "reportDir": "cypress/results",
        "overwrite": false,
        "html": true,
        "json": true,
        "timestamp": "mmddyyyy_HHMMss"
      },
      "version": "6.2.0"
    }
  }
}