{
  "stats": {
    "suites": 1,
    "tests": 1,
    "passes": 1,
    "pending": 0,
    "failures": 0,
    "start": "2024-07-23T20:17:37.384Z",
    "end": "2024-07-23T20:17:44.308Z",
    "duration": 6924,
    "testsRegistered": 1,
    "passPercent": 100,
    "pendingPercent": 0,
    "other": 0,
    "hasOther": false,
    "skipped": 0,
    "hasSkipped": false
  },
  "results": [
    {
      "uuid": "403dbe31-2a61-45cb-a0a5-36c1a15a4327",
      "title": "",
      "fullFile": "cypress\\e2e\\cadastro-correto.spec.cy.js",
      "file": "cypress\\e2e\\cadastro-correto.spec.cy.js",
      "beforeHooks": [],
      "afterHooks": [],
      "tests": [],
      "suites": [
        {
          "uuid": "f84b3daa-9881-4935-9ccb-5afd39453f23",
          "title": "Pagina de cadastro",
          "fullFile": "",
          "file": "",
          "beforeHooks": [],
          "afterHooks": [],
          "tests": [
            {
              "title": "Deve preencher os campos de formulario corretamente para cadastar um novo usuário",
              "fullTitle": "Pagina de cadastro Deve preencher os campos de formulario corretamente para cadastar um novo usuário",
              "timedOut": null,
              "duration": 3572,
              "state": "passed",
              "speed": "fast",
              "pass": true,
              "fail": false,
              "pending": false,
              "context": null,
              "code": "cy.cadastrar('Eduardo da Silva', 'du@email.com', 'Senha123');",
              "err": {},
              "uuid": "94d10d50-369a-4191-88a3-3c2beba73b2d",
              "parentUUID": "f84b3daa-9881-4935-9ccb-5afd39453f23",
              "isHook": false,
              "skipped": false
            }
          ],
          "suites": [],
          "passes": [
            "94d10d50-369a-4191-88a3-3c2beba73b2d"
          ],
          "failures": [],
          "pending": [],
          "skipped": [],
          "duration": 3572,
          "root": false,
          "rootEmpty": false,
          "_timeout": 2000
        }
      ],
      "passes": [],
      "failures": [],
      "pending": [],
      "skipped": [],
      "duration": 0,
      "root": true,
      "rootEmpty": true,
      "_timeout": 2000
    }
  ],
  "meta": {
    "mocha": {
      "version": "7.0.1"
    },
    "mochawesome": {
      "options": {
        "quiet": false,
        "reportFilename": "mochawesome",
        "saveHtml": true,
        "saveJson": true,
        "consoleReporter": "spec",
        "useInlineDiffs": false,
        "code": true
      },
      "version": "7.1.3"
    },
    "marge": {
      "options": {
        "reportDir": "cypress/results",
        "overwrite": false,
        "html": true,
        "json": true,
        "timestamp": "mmddyyyy_HHMMss"
      },
      "version": "6.2.0"
    }
  }
}