{
  "stats": {
    "suites": 1,
    "tests": 1,
    "passes": 1,
    "pending": 0,
    "failures": 0,
    "start": "2024-07-23T20:17:49.077Z",
    "end": "2024-07-23T20:17:54.316Z",
    "duration": 5239,
    "testsRegistered": 1,
    "passPercent": 100,
    "pendingPercent": 0,
    "other": 0,
    "hasOther": false,
    "skipped": 0,
    "hasSkipped": false
  },
  "results": [
    {
      "uuid": "36081357-dc31-4ff3-8cd9-4e18b885e085",
      "title": "",
      "fullFile": "cypress\\e2e\\cadastro-incorreto.cy.js",
      "file": "cypress\\e2e\\cadastro-incorreto.cy.js",
      "beforeHooks": [],
      "afterHooks": [],
      "tests": [],
      "suites": [
        {
          "uuid": "4270cab0-1220-4366-96d1-ed3f137d06a0",
          "title": "Pagina de cadastro",
          "fullFile": "",
          "file": "",
          "beforeHooks": [],
          "afterHooks": [],
          "tests": [
            {
              "title": "Deve preencher os campos de formulario incorretamente e exibir mensagens ao usuário",
              "fullTitle": "Pagina de cadastro Deve preencher os campos de formulario incorretamente e exibir mensagens ao usuário",
              "timedOut": null,
              "duration": 2309,
              "state": "passed",
              "speed": "fast",
              "pass": true,
              "fail": false,
              "pending": false,
              "context": null,
              "code": "cy.get('[data-test=\"submit-button\"]').click();\ncy.contains('É necessário informar um endereço de email').should('be.visible');\ncy.contains('Crie uma senha').should('be.visible');\ncy.contains('Repita a senha criada acima').should('be.visible');",
              "err": {},
              "uuid": "529f048d-fa7d-4da3-9914-00d9dfa2eb98",
              "parentUUID": "4270cab0-1220-4366-96d1-ed3f137d06a0",
              "isHook": false,
              "skipped": false
            }
          ],
          "suites": [],
          "passes": [
            "529f048d-fa7d-4da3-9914-00d9dfa2eb98"
          ],
          "failures": [],
          "pending": [],
          "skipped": [],
          "duration": 2309,
          "root": false,
          "rootEmpty": false,
          "_timeout": 2000
        }
      ],
      "passes": [],
      "failures": [],
      "pending": [],
      "skipped": [],
      "duration": 0,
      "root": true,
      "rootEmpty": true,
      "_timeout": 2000
    }
  ],
  "meta": {
    "mocha": {
      "version": "7.0.1"
    },
    "mochawesome": {
      "options": {
        "quiet": false,
        "reportFilename": "mochawesome",
        "saveHtml": true,
        "saveJson": true,
        "consoleReporter": "spec",
        "useInlineDiffs": false,
        "code": true
      },
      "version": "7.1.3"
    },
    "marge": {
      "options": {
        "reportDir": "cypress/results",
        "overwrite": false,
        "html": true,
        "json": true,
        "timestamp": "mmddyyyy_HHMMss"
      },
      "version": "6.2.0"
    }
  }
}