{
  "stats": {
    "suites": 1,
    "tests": 3,
    "passes": 3,
    "pending": 0,
    "failures": 0,
    "start": "2024-07-23T19:58:37.809Z",
    "end": "2024-07-23T19:58:42.284Z",
    "duration": 4475,
    "testsRegistered": 3,
    "passPercent": 100,
    "pendingPercent": 0,
    "other": 0,
    "hasOther": false,
    "skipped": 0,
    "hasSkipped": false
  },
  "results": [
    {
      "uuid": "0afcc2f6-d5c7-4dab-b023-f746fa4c2891",
      "title": "",
      "fullFile": "cypress\\e2e\\pagina-principal.spec.cy.js",
      "file": "cypress\\e2e\\pagina-principal.spec.cy.js",
      "beforeHooks": [],
      "afterHooks": [],
      "tests": [],
      "suites": [
        {
          "uuid": "303a228a-7930-44ec-921a-a8b038704b5c",
          "title": "Página Principal",
          "fullFile": "",
          "file": "",
          "beforeHooks": [],
          "afterHooks": [],
          "tests": [
            {
              "title": "Visite a página principal do AdoPet e verifique se o title com o texto “AdoPet” está presente no html.",
              "fullTitle": "Página Principal Visite a página principal do AdoPet e verifique se o title com o texto “AdoPet” está presente no html.",
              "timedOut": null,
              "duration": 655,
              "state": "passed",
              "speed": "fast",
              "pass": true,
              "fail": false,
              "pending": false,
              "context": null,
              "code": "cy.title().should('eq', 'AdoPet');",
              "err": {},
              "uuid": "88be45a4-4593-4862-a4b1-7c3ca0a1f1e0",
              "parentUUID": "303a228a-7930-44ec-921a-a8b038704b5c",
              "isHook": false,
              "skipped": false
            },
            {
              "title": "Visite a página principal do AdoPet e verifique se o texto “Quem ama adota!” está presente no html",
              "fullTitle": "Página Principal Visite a página principal do AdoPet e verifique se o texto “Quem ama adota!” está presente no html",
              "timedOut": null,
              "duration": 266,
              "state": "passed",
              "speed": "fast",
              "pass": true,
              "fail": false,
              "pending": false,
              "context": null,
              "code": "cy.contains('Quem ama adota!').should('be.visible');",
              "err": {},
              "uuid": "c38048e2-bbf5-4084-afe6-bbdfd4e6b334",
              "parentUUID": "303a228a-7930-44ec-921a-a8b038704b5c",
              "isHook": false,
              "skipped": false
            },
            {
              "title": "Visite a página principal do AdoPet e verifique se o texto “Adotar pode mudar uma vida. Que tal buscar seu novo melhor amigo hoje? Vem com a gente!” está presente no html.",
              "fullTitle": "Página Principal Visite a página principal do AdoPet e verifique se o texto “Adotar pode mudar uma vida. Que tal buscar seu novo melhor amigo hoje? Vem com a gente!” está presente no html.",
              "timedOut": null,
              "duration": 433,
              "state": "passed",
              "speed": "fast",
              "pass": true,
              "fail": false,
              "pending": false,
              "context": null,
              "code": "cy.contains('Adotar pode mudar uma vida. Que tal buscar seu novo melhor amigo hoje? Vem com a gente!').should('be.visible');",
              "err": {},
              "uuid": "f76b24a2-a0a9-48b7-93b5-e953ce958ecd",
              "parentUUID": "303a228a-7930-44ec-921a-a8b038704b5c",
              "isHook": false,
              "skipped": false
            }
          ],
          "suites": [],
          "passes": [
            "88be45a4-4593-4862-a4b1-7c3ca0a1f1e0",
            "c38048e2-bbf5-4084-afe6-bbdfd4e6b334",
            "f76b24a2-a0a9-48b7-93b5-e953ce958ecd"
          ],
          "failures": [],
          "pending": [],
          "skipped": [],
          "duration": 1354,
          "root": false,
          "rootEmpty": false,
          "_timeout": 2000
        }
      ],
      "passes": [],
      "failures": [],
      "pending": [],
      "skipped": [],
      "duration": 0,
      "root": true,
      "rootEmpty": true,
      "_timeout": 2000
    }
  ],
  "meta": {
    "mocha": {
      "version": "7.0.1"
    },
    "mochawesome": {
      "options": {
        "quiet": false,
        "reportFilename": "mochawesome",
        "saveHtml": true,
        "saveJson": true,
        "consoleReporter": "spec",
        "useInlineDiffs": false,
        "code": true
      },
      "version": "7.1.3"
    },
    "marge": {
      "options": {
        "reportDir": "cypress/results",
        "overwrite": false,
        "html": true,
        "json": true,
        "timestamp": "mmddyyyy_HHMMss"
      },
      "version": "6.2.0"
    }
  }
}