{
  "stats": {
    "suites": 1,
    "tests": 3,
    "passes": 3,
    "pending": 0,
    "failures": 0,
    "start": "2024-07-23T20:05:07.564Z",
    "end": "2024-07-23T20:05:11.791Z",
    "duration": 4227,
    "testsRegistered": 3,
    "passPercent": 100,
    "pendingPercent": 0,
    "other": 0,
    "hasOther": false,
    "skipped": 0,
    "hasSkipped": false
  },
  "results": [
    {
      "uuid": "e2378bd1-c539-454c-9876-b985e3795b8b",
      "title": "",
      "fullFile": "cypress\\e2e\\pagina-principal.spec.cy.js",
      "file": "cypress\\e2e\\pagina-principal.spec.cy.js",
      "beforeHooks": [],
      "afterHooks": [],
      "tests": [],
      "suites": [
        {
          "uuid": "6cd527ce-bf88-4dc0-a212-9b4853087f77",
          "title": "Página Principal",
          "fullFile": "",
          "file": "",
          "beforeHooks": [],
          "afterHooks": [],
          "tests": [
            {
              "title": "Visite a página principal do AdoPet e verifique se o title com o texto “AdoPet” está presente no html.",
              "fullTitle": "Página Principal Visite a página principal do AdoPet e verifique se o title com o texto “AdoPet” está presente no html.",
              "timedOut": null,
              "duration": 697,
              "state": "passed",
              "speed": "fast",
              "pass": true,
              "fail": false,
              "pending": false,
              "context": null,
              "code": "cy.title().should('eq', 'AdoPet');",
              "err": {},
              "uuid": "38509da9-a871-4f22-b3ee-5cd7cfc6064a",
              "parentUUID": "6cd527ce-bf88-4dc0-a212-9b4853087f77",
              "isHook": false,
              "skipped": false
            },
            {
              "title": "Visite a página principal do AdoPet e verifique se o texto “Quem ama adota!” está presente no html",
              "fullTitle": "Página Principal Visite a página principal do AdoPet e verifique se o texto “Quem ama adota!” está presente no html",
              "timedOut": null,
              "duration": 283,
              "state": "passed",
              "speed": "fast",
              "pass": true,
              "fail": false,
              "pending": false,
              "context": null,
              "code": "cy.contains('Quem ama adota!').should('be.visible');",
              "err": {},
              "uuid": "35d6d543-3841-442d-bad1-ad6785a017aa",
              "parentUUID": "6cd527ce-bf88-4dc0-a212-9b4853087f77",
              "isHook": false,
              "skipped": false
            },
            {
              "title": "Visite a página principal do AdoPet e verifique se o texto “Adotar pode mudar uma vida. Que tal buscar seu novo melhor amigo hoje? Vem com a gente!” está presente no html.",
              "fullTitle": "Página Principal Visite a página principal do AdoPet e verifique se o texto “Adotar pode mudar uma vida. Que tal buscar seu novo melhor amigo hoje? Vem com a gente!” está presente no html.",
              "timedOut": null,
              "duration": 293,
              "state": "passed",
              "speed": "fast",
              "pass": true,
              "fail": false,
              "pending": false,
              "context": null,
              "code": "cy.contains('Adotar pode mudar uma vida. Que tal buscar seu novo melhor amigo hoje? Vem com a gente!').should('be.visible');",
              "err": {},
              "uuid": "d14b262b-57f7-4b4d-8c0b-88f033375baa",
              "parentUUID": "6cd527ce-bf88-4dc0-a212-9b4853087f77",
              "isHook": false,
              "skipped": false
            }
          ],
          "suites": [],
          "passes": [
            "38509da9-a871-4f22-b3ee-5cd7cfc6064a",
            "35d6d543-3841-442d-bad1-ad6785a017aa",
            "d14b262b-57f7-4b4d-8c0b-88f033375baa"
          ],
          "failures": [],
          "pending": [],
          "skipped": [],
          "duration": 1273,
          "root": false,
          "rootEmpty": false,
          "_timeout": 2000
        }
      ],
      "passes": [],
      "failures": [],
      "pending": [],
      "skipped": [],
      "duration": 0,
      "root": true,
      "rootEmpty": true,
      "_timeout": 2000
    }
  ],
  "meta": {
    "mocha": {
      "version": "7.0.1"
    },
    "mochawesome": {
      "options": {
        "quiet": false,
        "reportFilename": "mochawesome",
        "saveHtml": true,
        "saveJson": true,
        "consoleReporter": "spec",
        "useInlineDiffs": false,
        "code": true
      },
      "version": "7.1.3"
    },
    "marge": {
      "options": {
        "reportDir": "cypress/results",
        "overwrite": false,
        "html": true,
        "json": true,
        "timestamp": "mmddyyyy_HHMMss"
      },
      "version": "6.2.0"
    }
  }
}